<?xml version="1.0" encoding="UTF-8"?>
<!-- Generated by org.testng.reporters.JUnitXMLReporter -->
<testsuite ignored="0" hostname="Khosruz" failures="0" tests="10" name="com.FirstTest" time="34.598" errors="0" timestamp="2023-10-04T17:50:24 EDT">
  <testcase classname="FirstTest" name="GOOGLE3" time="3.317"/>
  <testcase classname="FirstTest" name="GOOGLE5" time="2.834"/>
  <testcase classname="SecondTest" name="YANDEX" time="4.173"/>
  <testcase classname="FirstTest" name="GOOGLE6" time="1.578"/>
  <testcase classname="FirstTest" name="GOOGLE1" time="1.571"/>
  <testcase classname="FirstTest" name="GOOGLE2" time="1.487"/>
  <testcase classname="SecondTest" name="GOOGLE4" time="2.137"/>
  <testcase classname="FirstTest" name="GOOGLE7" time="1.944"/>
  <testcase classname="FirstTest" name="GOOGLE8" time="1.727"/>
  <testcase classname="FirstTest" name="GOOGLE9" time="3.939"/>
</testsuite> <!-- com.FirstTest -->
